<?xml version="1.0" encoding="UTF-8"?>
<!-- Generated by org.testng.reporters.JUnitXMLReporter -->
<testsuite ignored="0" hostname="Mariams-Air" failures="0" tests="1" name="Default test(failed)" time="0.02" errors="0" timestamp="2025-02-23T18:54:21 EST">
  <testcase classname="testBase.BaseClass" name="@BeforeClass setup" time="-1.740354861195E9">
    <failure type="org.testng.TestNGException" message="
Parameter &amp;apos;browser&amp;apos; is required by BeforeClass on method setup but has not been marked @Optional or defined
in /Users/mariamsikandari/eclipse-workspace/Selenium/testNG.xml">
      <![CDATA[org.testng.TestNGException: 
Parameter 'browser' is required by BeforeClass on method setup but has not been marked @Optional or defined
in /Users/mariamsikandari/eclipse-workspace/Selenium/testNG.xml
at java.base/java.util.ArrayList.forEach(ArrayList.java:1596)
... Removed 22 stack frames]]>
    </failure>
  </testcase> <!-- @BeforeClass setup -->
  <testcase classname="testBase.BaseClass" name="@AfterClass tearDown" time="-1.740354861207E9">
    <skipped/>
  </testcase> <!-- @AfterClass tearDown -->
  <testcase classname="TC01_Test" name="verify_account" time="0.0">
    <skipped/>
  </testcase> <!-- verify_account -->
</testsuite> <!-- Default test(failed) -->
